<?xml version="1.0" encoding="UTF-8"?>
<testsuite xmlns:xsi="http://www.w3.org/2001/XMLSchema-instance" xsi:noNamespaceSchemaLocation="https://maven.apache.org/surefire/maven-surefire-plugin/xsd/surefire-test-report.xsd" name="org.azd.SecurityApiTest" time="0.036" tests="12" errors="9" skipped="1" failures="0">
  <properties>
    <property name="java.specification.version" value="17"/>
    <property name="sun.cpu.isalist" value="amd64"/>
    <property name="sun.jnu.encoding" value="Cp1252"/>
    <property name="java.class.path" value="C:\Raja_Stuff\Raja_E\java-2021-12\Azure_Devops\azd\target\test-classes;C:\Raja_Stuff\Raja_E\java-2021-12\Azure_Devops\azd\target\classes;C:\Users\Raja\.m2\repository\junit\junit\4.13.2\junit-4.13.2.jar;C:\Users\Raja\.m2\repository\org\hamcrest\hamcrest-core\1.3\hamcrest-core-1.3.jar;C:\Users\Raja\.m2\repository\com\fasterxml\jackson\core\jackson-annotations\2.13.4\jackson-annotations-2.13.4.jar;C:\Users\Raja\.m2\repository\com\fasterxml\jackson\core\jackson-core\2.13.4\jackson-core-2.13.4.jar;C:\Users\Raja\.m2\repository\com\fasterxml\jackson\core\jackson-databind\2.13.4\jackson-databind-2.13.4.jar;"/>
    <property name="java.vm.vendor" value="Eclipse Adoptium"/>
    <property name="sun.arch.data.model" value="64"/>
    <property name="user.variant" value=""/>
    <property name="java.vendor.url" value="https://adoptium.net/"/>
    <property name="user.timezone" value="Asia/Calcutta"/>
    <property name="os.name" value="Windows 11"/>
    <property name="java.vm.specification.version" value="17"/>
    <property name="sun.java.launcher" value="SUN_STANDARD"/>
    <property name="user.country" value="IN"/>
    <property name="sun.boot.library.path" value="C:\Users\Raja\.p2\pool\plugins\org.eclipse.justj.openjdk.hotspot.jre.full.win32.x86_64_17.0.4.v20220903-1038\jre\bin"/>
    <property name="sun.java.command" value="C:\Users\Raja\AppData\Local\Temp\surefire11617109927648630390\surefirebooter17766362415540855305.jar C:\Users\Raja\AppData\Local\Temp\surefire11617109927648630390 2022-11-28T15-44-38_380-jvmRun1 surefire3910189989388556178tmp surefire_010234332671484818839tmp"/>
    <property name="jdk.debug" value="release"/>
    <property name="surefire.test.class.path" value="C:\Raja_Stuff\Raja_E\java-2021-12\Azure_Devops\azd\target\test-classes;C:\Raja_Stuff\Raja_E\java-2021-12\Azure_Devops\azd\target\classes;C:\Users\Raja\.m2\repository\junit\junit\4.13.2\junit-4.13.2.jar;C:\Users\Raja\.m2\repository\org\hamcrest\hamcrest-core\1.3\hamcrest-core-1.3.jar;C:\Users\Raja\.m2\repository\com\fasterxml\jackson\core\jackson-annotations\2.13.4\jackson-annotations-2.13.4.jar;C:\Users\Raja\.m2\repository\com\fasterxml\jackson\core\jackson-core\2.13.4\jackson-core-2.13.4.jar;C:\Users\Raja\.m2\repository\com\fasterxml\jackson\core\jackson-databind\2.13.4\jackson-databind-2.13.4.jar;"/>
    <property name="sun.cpu.endian" value="little"/>
    <property name="user.home" value="C:\Users\Raja"/>
    <property name="user.language" value="en"/>
    <property name="java.specification.vendor" value="Oracle Corporation"/>
    <property name="java.version.date" value="2022-08-12"/>
    <property name="java.home" value="C:\Users\Raja\.p2\pool\plugins\org.eclipse.justj.openjdk.hotspot.jre.full.win32.x86_64_17.0.4.v20220903-1038\jre"/>
    <property name="file.separator" value="\"/>
    <property name="style.color" value="always"/>
    <property name="basedir" value="C:\Raja_Stuff\Raja_E\java-2021-12\Azure_Devops\azd"/>
    <property name="java.vm.compressedOopsMode" value="Zero based"/>
    <property name="line.separator" value="&#10;"/>
    <property name="java.vm.specification.vendor" value="Oracle Corporation"/>
    <property name="java.specification.name" value="Java Platform API Specification"/>
    <property name="surefire.real.class.path" value="C:\Users\Raja\AppData\Local\Temp\surefire11617109927648630390\surefirebooter17766362415540855305.jar"/>
    <property name="user.script" value=""/>
    <property name="sun.management.compiler" value="HotSpot 64-Bit Tiered Compilers"/>
    <property name="java.runtime.version" value="17.0.4.1+1"/>
    <property name="user.name" value="Raja"/>
    <property name="path.separator" value=";"/>
    <property name="os.version" value="10.0"/>
    <property name="java.runtime.name" value="OpenJDK Runtime Environment"/>
    <property name="file.encoding" value="Cp1252"/>
    <property name="java.vm.name" value="OpenJDK 64-Bit Server VM"/>
    <property name="java.vendor.version" value="Temurin-17.0.4.1+1"/>
    <property name="localRepository" value="C:\Users\Raja\.m2\repository"/>
    <property name="java.vendor.url.bug" value="https://github.com/adoptium/adoptium-support/issues"/>
    <property name="java.io.tmpdir" value="C:\Users\Raja\AppData\Local\Temp\"/>
    <property name="java.version" value="17.0.4.1"/>
    <property name="user.dir" value="C:\Raja_Stuff\Raja_E\java-2021-12\Azure_Devops\azd"/>
    <property name="os.arch" value="amd64"/>
    <property name="java.vm.specification.name" value="Java Virtual Machine Specification"/>
    <property name="sun.os.patch.level" value=""/>
    <property name="native.encoding" value="Cp1252"/>
    <property name="java.library.path" value="C:\Users\Raja\.p2\pool\plugins\org.eclipse.justj.openjdk.hotspot.jre.full.win32.x86_64_17.0.4.v20220903-1038\jre\bin;C:\WINDOWS\Sun\Java\bin;C:\WINDOWS\system32;C:\WINDOWS;C:/Users/Raja/.p2/pool/plugins/org.eclipse.justj.openjdk.hotspot.jre.full.win32.x86_64_17.0.4.v20220903-1038/jre/bin/server;C:/Users/Raja/.p2/pool/plugins/org.eclipse.justj.openjdk.hotspot.jre.full.win32.x86_64_17.0.4.v20220903-1038/jre/bin;C:\WINDOWS\system32;C:\WINDOWS;C:\WINDOWS\System32\Wbem;C:\WINDOWS\System32\WindowsPowerShell\v1.0\;C:\WINDOWS\System32\OpenSSH\;C:\Program Files\Git\cmd;C:\Program Files\PuTTY\;C:\Program Files\Microsoft SQL Server\Client SDK\ODBC\170\Tools\Binn\;C:\Program Files\Microsoft SQL Server\150\Tools\Binn\;C:\Program Files\dotnet\;C:\Users\Raja\AppData\Local\Microsoft\WindowsApps;C:\Users\Raja\.dotnet\tools;C:\Users\Raja\OneDrive\Desktop;;."/>
    <property name="java.vm.info" value="mixed mode"/>
    <property name="java.vendor" value="Eclipse Adoptium"/>
    <property name="java.vm.version" value="17.0.4.1+1"/>
    <property name="sun.io.unicode.encoding" value="UnicodeLittle"/>
    <property name="java.class.version" value="61.0"/>
  </properties>
  <testcase name="shouldListACLsWithExtendedInfo" classname="org.azd.SecurityApiTest" time="0.006">
    <error message="InvalidOrganizationNameException: Couldn&apos;t find the organization name &apos;{{ organization name }}&apos;." type="org.azd.exceptions.AzDException">org.azd.exceptions.AzDException: InvalidOrganizationNameException: Couldn't find the organization name '{{ organization name }}'.
	at org.azd.SecurityApiTest.shouldListACLsWithExtendedInfo(SecurityApiTest.java:81)
</error>
  </testcase>
  <testcase name="shouldListRequiredTokenProperties" classname="org.azd.SecurityApiTest" time="0.003"/>
  <testcase name="shouldUpdateAccessControlEntry" classname="org.azd.SecurityApiTest" time="0.001">
    <error message="InvalidOrganizationNameException: Couldn&apos;t find the organization name &apos;{{ organization name }}&apos;." type="org.azd.exceptions.AzDException">org.azd.exceptions.AzDException: InvalidOrganizationNameException: Couldn't find the organization name '{{ organization name }}'.
	at org.azd.SecurityApiTest.shouldUpdateAccessControlEntry(SecurityApiTest.java:339)
</error>
  </testcase>
  <testcase name="shouldResolveSubjectIdentities" classname="org.azd.SecurityApiTest" time="0.001">
    <error message="InvalidOrganizationNameException: Couldn&apos;t find the organization name &apos;{{ organization name }}&apos;." type="org.azd.exceptions.AzDException">org.azd.exceptions.AzDException: InvalidOrganizationNameException: Couldn't find the organization name '{{ organization name }}'.
	at org.azd.SecurityApiTest.shouldResolveSubjectIdentities(SecurityApiTest.java:102)
</error>
  </testcase>
  <testcase name="shouldGetANamespace" classname="org.azd.SecurityApiTest" time="0.01">
    <error message="InvalidOrganizationNameException: Couldn&apos;t find the organization name &apos;{{ organization name }}&apos;." type="org.azd.exceptions.AzDException">org.azd.exceptions.AzDException: InvalidOrganizationNameException: Couldn't find the organization name '{{ organization name }}'.
	at org.azd.SecurityApiTest.shouldGetANamespace(SecurityApiTest.java:62)
</error>
  </testcase>
  <testcase name="shouldListSecurityNamespaces" classname="org.azd.SecurityApiTest" time="0.001">
    <error message="InvalidOrganizationNameException: Couldn&apos;t find the organization name &apos;{{ organization name }}&apos;." type="org.azd.exceptions.AzDException">org.azd.exceptions.AzDException: InvalidOrganizationNameException: Couldn't find the organization name '{{ organization name }}'.
	at org.azd.SecurityApiTest.shouldListSecurityNamespaces(SecurityApiTest.java:55)
</error>
  </testcase>
  <testcase name="shouldDumpAllNamespaceActions" classname="org.azd.SecurityApiTest" time="0">
    <skipped/>
  </testcase>
  <testcase name="shouldListACLs" classname="org.azd.SecurityApiTest" time="0.001">
    <error message="InvalidOrganizationNameException: Couldn&apos;t find the organization name &apos;{{ organization name }}&apos;." type="org.azd.exceptions.AzDException">org.azd.exceptions.AzDException: InvalidOrganizationNameException: Couldn't find the organization name '{{ organization name }}'.
	at org.azd.SecurityApiTest.shouldListACLs(SecurityApiTest.java:70)
</error>
  </testcase>
  <testcase name="shouldGenerateTokenString" classname="org.azd.SecurityApiTest" time="0.001"/>
  <testcase name="shouldAddAndRemoveACL" classname="org.azd.SecurityApiTest" time="0.001">
    <error message="Unexpected exception, expected&lt;java.lang.AssertionError&gt; but was&lt;org.azd.exceptions.AzDException&gt;" type="java.lang.Exception"><![CDATA[java.lang.Exception: Unexpected exception, expected<java.lang.AssertionError> but was<org.azd.exceptions.AzDException>
	at org.azd.SecurityApiTest.shouldAddAndRemoveACL(SecurityApiTest.java:185)
]]></error>
  </testcase>
  <testcase name="shouldListACLForDescriptor" classname="org.azd.SecurityApiTest" time="0.001">
    <error message="InvalidOrganizationNameException: Couldn&apos;t find the organization name &apos;{{ organization name }}&apos;." type="org.azd.exceptions.AzDException">org.azd.exceptions.AzDException: InvalidOrganizationNameException: Couldn't find the organization name '{{ organization name }}'.
	at org.azd.SecurityApiTest.shouldListACLForDescriptor(SecurityApiTest.java:125)
</error>
  </testcase>
  <testcase name="shouldUpdateAccessControlList" classname="org.azd.SecurityApiTest" time="0.001">
    <error message="InvalidOrganizationNameException: Couldn&apos;t find the organization name &apos;{{ organization name }}&apos;." type="org.azd.exceptions.AzDException">org.azd.exceptions.AzDException: InvalidOrganizationNameException: Couldn't find the organization name '{{ organization name }}'.
	at org.azd.SecurityApiTest.shouldUpdateAccessControlList(SecurityApiTest.java:251)
</error>
  </testcase>
</testsuite>