<?xml version="1.0" encoding="UTF-8"?>
<testsuite xmlns:xsi="http://www.w3.org/2001/XMLSchema-instance" xsi:noNamespaceSchemaLocation="https://maven.apache.org/surefire/maven-surefire-plugin/xsd/surefire-test-report.xsd" name="org.azd.WorkItemTrackingApiTest" time="0.32" tests="39" errors="29" skipped="0" failures="0">
  <properties>
    <property name="java.specification.version" value="17"/>
    <property name="sun.cpu.isalist" value="amd64"/>
    <property name="sun.jnu.encoding" value="Cp1252"/>
    <property name="java.class.path" value="C:\Raja_Stuff\Raja_E\java-2021-12\Azure_Devops\azd\target\test-classes;C:\Raja_Stuff\Raja_E\java-2021-12\Azure_Devops\azd\target\classes;C:\Users\Raja\.m2\repository\junit\junit\4.13.2\junit-4.13.2.jar;C:\Users\Raja\.m2\repository\org\hamcrest\hamcrest-core\1.3\hamcrest-core-1.3.jar;C:\Users\Raja\.m2\repository\com\fasterxml\jackson\core\jackson-annotations\2.13.4\jackson-annotations-2.13.4.jar;C:\Users\Raja\.m2\repository\com\fasterxml\jackson\core\jackson-core\2.13.4\jackson-core-2.13.4.jar;C:\Users\Raja\.m2\repository\com\fasterxml\jackson\core\jackson-databind\2.13.4\jackson-databind-2.13.4.jar;"/>
    <property name="java.vm.vendor" value="Eclipse Adoptium"/>
    <property name="sun.arch.data.model" value="64"/>
    <property name="user.variant" value=""/>
    <property name="java.vendor.url" value="https://adoptium.net/"/>
    <property name="user.timezone" value="Asia/Calcutta"/>
    <property name="os.name" value="Windows 11"/>
    <property name="java.vm.specification.version" value="17"/>
    <property name="sun.java.launcher" value="SUN_STANDARD"/>
    <property name="user.country" value="IN"/>
    <property name="sun.boot.library.path" value="C:\Users\Raja\.p2\pool\plugins\org.eclipse.justj.openjdk.hotspot.jre.full.win32.x86_64_17.0.4.v20220903-1038\jre\bin"/>
    <property name="sun.java.command" value="C:\Users\Raja\AppData\Local\Temp\surefire11617109927648630390\surefirebooter17766362415540855305.jar C:\Users\Raja\AppData\Local\Temp\surefire11617109927648630390 2022-11-28T15-44-38_380-jvmRun1 surefire3910189989388556178tmp surefire_010234332671484818839tmp"/>
    <property name="jdk.debug" value="release"/>
    <property name="surefire.test.class.path" value="C:\Raja_Stuff\Raja_E\java-2021-12\Azure_Devops\azd\target\test-classes;C:\Raja_Stuff\Raja_E\java-2021-12\Azure_Devops\azd\target\classes;C:\Users\Raja\.m2\repository\junit\junit\4.13.2\junit-4.13.2.jar;C:\Users\Raja\.m2\repository\org\hamcrest\hamcrest-core\1.3\hamcrest-core-1.3.jar;C:\Users\Raja\.m2\repository\com\fasterxml\jackson\core\jackson-annotations\2.13.4\jackson-annotations-2.13.4.jar;C:\Users\Raja\.m2\repository\com\fasterxml\jackson\core\jackson-core\2.13.4\jackson-core-2.13.4.jar;C:\Users\Raja\.m2\repository\com\fasterxml\jackson\core\jackson-databind\2.13.4\jackson-databind-2.13.4.jar;"/>
    <property name="sun.cpu.endian" value="little"/>
    <property name="user.home" value="C:\Users\Raja"/>
    <property name="user.language" value="en"/>
    <property name="java.specification.vendor" value="Oracle Corporation"/>
    <property name="java.version.date" value="2022-08-12"/>
    <property name="java.home" value="C:\Users\Raja\.p2\pool\plugins\org.eclipse.justj.openjdk.hotspot.jre.full.win32.x86_64_17.0.4.v20220903-1038\jre"/>
    <property name="file.separator" value="\"/>
    <property name="style.color" value="always"/>
    <property name="basedir" value="C:\Raja_Stuff\Raja_E\java-2021-12\Azure_Devops\azd"/>
    <property name="java.vm.compressedOopsMode" value="Zero based"/>
    <property name="line.separator" value="&#10;"/>
    <property name="java.vm.specification.vendor" value="Oracle Corporation"/>
    <property name="java.specification.name" value="Java Platform API Specification"/>
    <property name="surefire.real.class.path" value="C:\Users\Raja\AppData\Local\Temp\surefire11617109927648630390\surefirebooter17766362415540855305.jar"/>
    <property name="user.script" value=""/>
    <property name="sun.management.compiler" value="HotSpot 64-Bit Tiered Compilers"/>
    <property name="java.runtime.version" value="17.0.4.1+1"/>
    <property name="user.name" value="Raja"/>
    <property name="path.separator" value=";"/>
    <property name="os.version" value="10.0"/>
    <property name="java.runtime.name" value="OpenJDK Runtime Environment"/>
    <property name="file.encoding" value="Cp1252"/>
    <property name="java.vm.name" value="OpenJDK 64-Bit Server VM"/>
    <property name="java.vendor.version" value="Temurin-17.0.4.1+1"/>
    <property name="localRepository" value="C:\Users\Raja\.m2\repository"/>
    <property name="java.vendor.url.bug" value="https://github.com/adoptium/adoptium-support/issues"/>
    <property name="java.io.tmpdir" value="C:\Users\Raja\AppData\Local\Temp\"/>
    <property name="java.version" value="17.0.4.1"/>
    <property name="user.dir" value="C:\Raja_Stuff\Raja_E\java-2021-12\Azure_Devops\azd"/>
    <property name="os.arch" value="amd64"/>
    <property name="java.vm.specification.name" value="Java Virtual Machine Specification"/>
    <property name="sun.os.patch.level" value=""/>
    <property name="native.encoding" value="Cp1252"/>
    <property name="java.library.path" value="C:\Users\Raja\.p2\pool\plugins\org.eclipse.justj.openjdk.hotspot.jre.full.win32.x86_64_17.0.4.v20220903-1038\jre\bin;C:\WINDOWS\Sun\Java\bin;C:\WINDOWS\system32;C:\WINDOWS;C:/Users/Raja/.p2/pool/plugins/org.eclipse.justj.openjdk.hotspot.jre.full.win32.x86_64_17.0.4.v20220903-1038/jre/bin/server;C:/Users/Raja/.p2/pool/plugins/org.eclipse.justj.openjdk.hotspot.jre.full.win32.x86_64_17.0.4.v20220903-1038/jre/bin;C:\WINDOWS\system32;C:\WINDOWS;C:\WINDOWS\System32\Wbem;C:\WINDOWS\System32\WindowsPowerShell\v1.0\;C:\WINDOWS\System32\OpenSSH\;C:\Program Files\Git\cmd;C:\Program Files\PuTTY\;C:\Program Files\Microsoft SQL Server\Client SDK\ODBC\170\Tools\Binn\;C:\Program Files\Microsoft SQL Server\150\Tools\Binn\;C:\Program Files\dotnet\;C:\Users\Raja\AppData\Local\Microsoft\WindowsApps;C:\Users\Raja\.dotnet\tools;C:\Users\Raja\OneDrive\Desktop;;."/>
    <property name="java.vm.info" value="mixed mode"/>
    <property name="java.vendor" value="Eclipse Adoptium"/>
    <property name="java.vm.version" value="17.0.4.1+1"/>
    <property name="sun.io.unicode.encoding" value="UnicodeLittle"/>
    <property name="java.class.version" value="61.0"/>
  </properties>
  <testcase name="shouldGetWorkItemField" classname="org.azd.WorkItemTrackingApiTest" time="0.003">
    <error message="Illegal character in path at index 22: https://dev.azure.com/{{ organization name }}/_apis/wit/fields/Acceptance%20Criteria?api-version=7.1-preview.2" type="java.lang.IllegalArgumentException">java.lang.IllegalArgumentException: Illegal character in path at index 22: https://dev.azure.com/{{ organization name }}/_apis/wit/fields/Acceptance%20Criteria?api-version=7.1-preview.2
	at org.azd.WorkItemTrackingApiTest.shouldGetWorkItemField(WorkItemTrackingApiTest.java:243)
Caused by: java.net.URISyntaxException: Illegal character in path at index 22: https://dev.azure.com/{{ organization name }}/_apis/wit/fields/Acceptance%20Criteria?api-version=7.1-preview.2
	at org.azd.WorkItemTrackingApiTest.shouldGetWorkItemField(WorkItemTrackingApiTest.java:243)
</error>
  </testcase>
  <testcase name="shouldGetWorkItemTypes" classname="org.azd.WorkItemTrackingApiTest" time="0.001">
    <error message="InvalidOrganizationNameException: Couldn&apos;t find the organization name &apos;{{ organization name }}&apos;." type="org.azd.exceptions.AzDException">org.azd.exceptions.AzDException: InvalidOrganizationNameException: Couldn't find the organization name '{{ organization name }}'.
	at org.azd.WorkItemTrackingApiTest.shouldGetWorkItemTypes(WorkItemTrackingApiTest.java:172)
</error>
  </testcase>
  <testcase name="shouldCreateAWorkItem" classname="org.azd.WorkItemTrackingApiTest" time="0.024">
    <error message="InvalidOrganizationNameException: Couldn&apos;t find the organization name &apos;{{ organization name }}&apos;." type="org.azd.exceptions.AzDException">org.azd.exceptions.AzDException: InvalidOrganizationNameException: Couldn't find the organization name '{{ organization name }}'.
	at org.azd.WorkItemTrackingApiTest.shouldCreateAWorkItem(WorkItemTrackingApiTest.java:64)
</error>
  </testcase>
  <testcase name="shouldGetAWorkItemType" classname="org.azd.WorkItemTrackingApiTest" time="0.001">
    <error message="InvalidOrganizationNameException: Couldn&apos;t find the organization name &apos;{{ organization name }}&apos;." type="org.azd.exceptions.AzDException">org.azd.exceptions.AzDException: InvalidOrganizationNameException: Couldn't find the organization name '{{ organization name }}'.
	at org.azd.WorkItemTrackingApiTest.shouldGetAWorkItemType(WorkItemTrackingApiTest.java:177)
</error>
  </testcase>
  <testcase name="shouldGetWorkItemActivities" classname="org.azd.WorkItemTrackingApiTest" time="0.001">
    <error message="Illegal character in path at index 22: https://dev.azure.com/{{ organization name }}/_apis/work/accountmyworkrecentactivity?api-version=7.1-preview.2" type="java.lang.IllegalArgumentException">java.lang.IllegalArgumentException: Illegal character in path at index 22: https://dev.azure.com/{{ organization name }}/_apis/work/accountmyworkrecentactivity?api-version=7.1-preview.2
	at org.azd.WorkItemTrackingApiTest.shouldGetWorkItemActivities(WorkItemTrackingApiTest.java:228)
Caused by: java.net.URISyntaxException: Illegal character in path at index 22: https://dev.azure.com/{{ organization name }}/_apis/work/accountmyworkrecentactivity?api-version=7.1-preview.2
	at org.azd.WorkItemTrackingApiTest.shouldGetWorkItemActivities(WorkItemTrackingApiTest.java:228)
</error>
  </testcase>
  <testcase name="shouldGetWorkItem" classname="org.azd.WorkItemTrackingApiTest" time="0.001">
    <error message="InvalidOrganizationNameException: Couldn&apos;t find the organization name &apos;{{ organization name }}&apos;." type="org.azd.exceptions.AzDException">org.azd.exceptions.AzDException: InvalidOrganizationNameException: Couldn't find the organization name '{{ organization name }}'.
	at org.azd.WorkItemTrackingApiTest.shouldGetWorkItem(WorkItemTrackingApiTest.java:51)
</error>
  </testcase>
  <testcase name="shouldAddHyperlink" classname="org.azd.WorkItemTrackingApiTest" time="0.001">
    <error message="InvalidOrganizationNameException: Couldn&apos;t find the organization name &apos;{{ organization name }}&apos;." type="org.azd.exceptions.AzDException">org.azd.exceptions.AzDException: InvalidOrganizationNameException: Couldn't find the organization name '{{ organization name }}'.
	at org.azd.WorkItemTrackingApiTest.shouldAddHyperlink(WorkItemTrackingApiTest.java:152)
</error>
  </testcase>
  <testcase name="shouldGetWorkItemFields" classname="org.azd.WorkItemTrackingApiTest" time="0">
    <error message="Illegal character in path at index 22: https://dev.azure.com/{{ organization name }}/_apis/wit/fields?api-version=7.1-preview.2" type="java.lang.IllegalArgumentException">java.lang.IllegalArgumentException: Illegal character in path at index 22: https://dev.azure.com/{{ organization name }}/_apis/wit/fields?api-version=7.1-preview.2
	at org.azd.WorkItemTrackingApiTest.shouldGetWorkItemFields(WorkItemTrackingApiTest.java:233)
Caused by: java.net.URISyntaxException: Illegal character in path at index 22: https://dev.azure.com/{{ organization name }}/_apis/wit/fields?api-version=7.1-preview.2
	at org.azd.WorkItemTrackingApiTest.shouldGetWorkItemFields(WorkItemTrackingApiTest.java:233)
</error>
  </testcase>
  <testcase name="shouldGetWorkItemAttachmentAsStreamToAFile" classname="org.azd.WorkItemTrackingApiTest" time="0.009">
    <error message="InvalidOrganizationNameException: Couldn&apos;t find the organization name &apos;{{ organization name }}&apos;." type="org.azd.exceptions.AzDException">org.azd.exceptions.AzDException: InvalidOrganizationNameException: Couldn't find the organization name '{{ organization name }}'.
	at org.azd.WorkItemTrackingApiTest.shouldGetWorkItemAttachmentAsStreamToAFile(WorkItemTrackingApiTest.java:189)
</error>
  </testcase>
  <testcase name="shouldCreateAQuery" classname="org.azd.WorkItemTrackingApiTest" time="0.096"/>
  <testcase name="shouldRemoveAnAttachmentFromAWorkItem" classname="org.azd.WorkItemTrackingApiTest" time="0.009"/>
  <testcase name="shouldGetWorkItems" classname="org.azd.WorkItemTrackingApiTest" time="0.013">
    <error message="InvalidOrganizationNameException: Couldn&apos;t find the organization name &apos;{{ organization name }}&apos;." type="org.azd.exceptions.AzDException">org.azd.exceptions.AzDException: InvalidOrganizationNameException: Couldn't find the organization name '{{ organization name }}'.
	at org.azd.WorkItemTrackingApiTest.shouldGetWorkItems(WorkItemTrackingApiTest.java:84)
</error>
  </testcase>
  <testcase name="shouldGetWorkItemFromRecycleBin" classname="org.azd.WorkItemTrackingApiTest" time="0.001"/>
  <testcase name="shouldCreateWorkItemAttachment" classname="org.azd.WorkItemTrackingApiTest" time="0.011">
    <error message="InvalidOrganizationNameException: Couldn&apos;t find the organization name &apos;{{ organization name }}&apos;." type="org.azd.exceptions.AzDException">org.azd.exceptions.AzDException: InvalidOrganizationNameException: Couldn't find the organization name '{{ organization name }}'.
	at org.azd.WorkItemTrackingApiTest.shouldCreateWorkItemAttachment(WorkItemTrackingApiTest.java:183)
</error>
  </testcase>
  <testcase name="shouldGetWorkItemWithOptionalParameters" classname="org.azd.WorkItemTrackingApiTest" time="0.001">
    <error message="InvalidOrganizationNameException: Couldn&apos;t find the organization name &apos;{{ organization name }}&apos;." type="org.azd.exceptions.AzDException">org.azd.exceptions.AzDException: InvalidOrganizationNameException: Couldn't find the organization name '{{ organization name }}'.
	at org.azd.WorkItemTrackingApiTest.shouldGetWorkItemWithOptionalParameters(WorkItemTrackingApiTest.java:58)
</error>
  </testcase>
  <testcase name="shouldCreateAWorkItemWithAdditionalFields" classname="org.azd.WorkItemTrackingApiTest" time="0.031">
    <error message="InvalidOrganizationNameException: Couldn&apos;t find the organization name &apos;{{ organization name }}&apos;." type="org.azd.exceptions.AzDException">org.azd.exceptions.AzDException: InvalidOrganizationNameException: Couldn't find the organization name '{{ organization name }}'.
	at org.azd.WorkItemTrackingApiTest.shouldCreateAWorkItemWithAdditionalFields(WorkItemTrackingApiTest.java:74)
</error>
  </testcase>
  <testcase name="shouldGetQueriesInBatch" classname="org.azd.WorkItemTrackingApiTest" time="0">
    <error message="InvalidOrganizationNameException: Couldn&apos;t find the organization name &apos;{{ organization name }}&apos;." type="org.azd.exceptions.AzDException">org.azd.exceptions.AzDException: InvalidOrganizationNameException: Couldn't find the organization name '{{ organization name }}'.
	at org.azd.WorkItemTrackingApiTest.shouldGetQueriesInBatch(WorkItemTrackingApiTest.java:341)
</error>
  </testcase>
  <testcase name="shouldQueryWorkItems" classname="org.azd.WorkItemTrackingApiTest" time="0.016">
    <error message="InvalidOrganizationNameException: Couldn&apos;t find the organization name &apos;{{ organization name }}&apos;." type="org.azd.exceptions.AzDException">org.azd.exceptions.AzDException: InvalidOrganizationNameException: Couldn't find the organization name '{{ organization name }}'.
	at org.azd.WorkItemTrackingApiTest.shouldQueryWorkItems(WorkItemTrackingApiTest.java:103)
</error>
  </testcase>
  <testcase name="shouldDeleteWorkItemField" classname="org.azd.WorkItemTrackingApiTest" time="0">
    <error message="Illegal character in path at index 22: https://dev.azure.com/{{ organization name }}/_apis/wit/fields/New%20Work%20Item%20Field?api-version=7.1-preview.2" type="java.lang.IllegalArgumentException">java.lang.IllegalArgumentException: Illegal character in path at index 22: https://dev.azure.com/{{ organization name }}/_apis/wit/fields/New%20Work%20Item%20Field?api-version=7.1-preview.2
	at org.azd.WorkItemTrackingApiTest.shouldDeleteWorkItemField(WorkItemTrackingApiTest.java:277)
Caused by: java.net.URISyntaxException: Illegal character in path at index 22: https://dev.azure.com/{{ organization name }}/_apis/wit/fields/New%20Work%20Item%20Field?api-version=7.1-preview.2
	at org.azd.WorkItemTrackingApiTest.shouldDeleteWorkItemField(WorkItemTrackingApiTest.java:277)
</error>
  </testcase>
  <testcase name="shouldRestoreWorkItemFromRecycleBin" classname="org.azd.WorkItemTrackingApiTest" time="0.008"/>
  <testcase name="shouldGetDeletedWorkItemFromRecycleBin" classname="org.azd.WorkItemTrackingApiTest" time="0">
    <error message="InvalidOrganizationNameException: Couldn&apos;t find the organization name &apos;{{ organization name }}&apos;." type="org.azd.exceptions.AzDException">org.azd.exceptions.AzDException: InvalidOrganizationNameException: Couldn't find the organization name '{{ organization name }}'.
	at org.azd.WorkItemTrackingApiTest.shouldGetDeletedWorkItemFromRecycleBin(WorkItemTrackingApiTest.java:126)
</error>
  </testcase>
  <testcase name="shouldGetAQueryObject" classname="org.azd.WorkItemTrackingApiTest" time="0.001">
    <error message="InvalidOrganizationNameException: Couldn&apos;t find the organization name &apos;{{ organization name }}&apos;." type="org.azd.exceptions.AzDException">org.azd.exceptions.AzDException: InvalidOrganizationNameException: Couldn't find the organization name '{{ organization name }}'.
	at org.azd.WorkItemTrackingApiTest.shouldGetAQueryObject(WorkItemTrackingApiTest.java:327)
</error>
  </testcase>
  <testcase name="shouldGetAllQueries" classname="org.azd.WorkItemTrackingApiTest" time="0.001">
    <error message="InvalidOrganizationNameException: Couldn&apos;t find the organization name &apos;{{ organization name }}&apos;." type="org.azd.exceptions.AzDException">org.azd.exceptions.AzDException: InvalidOrganizationNameException: Couldn't find the organization name '{{ organization name }}'.
	at org.azd.WorkItemTrackingApiTest.shouldGetAllQueries(WorkItemTrackingApiTest.java:322)
</error>
  </testcase>
  <testcase name="shouldDeleteAWorkItem" classname="org.azd.WorkItemTrackingApiTest" time="0.001"/>
  <testcase name="shouldQueryWorkItemsAndGetExactlyOneResult" classname="org.azd.WorkItemTrackingApiTest" time="0">
    <error message="InvalidOrganizationNameException: Couldn&apos;t find the organization name &apos;{{ organization name }}&apos;." type="org.azd.exceptions.AzDException">org.azd.exceptions.AzDException: InvalidOrganizationNameException: Couldn't find the organization name '{{ organization name }}'.
	at org.azd.WorkItemTrackingApiTest.shouldQueryWorkItemsAndGetExactlyOneResult(WorkItemTrackingApiTest.java:110)
</error>
  </testcase>
  <testcase name="shouldDeleteAQuery" classname="org.azd.WorkItemTrackingApiTest" time="0.001"/>
  <testcase name="shouldGetWorkItemAttachmentAsZipFile" classname="org.azd.WorkItemTrackingApiTest" time="0.001">
    <error message="InvalidOrganizationNameException: Couldn&apos;t find the organization name &apos;{{ organization name }}&apos;." type="org.azd.exceptions.AzDException">org.azd.exceptions.AzDException: InvalidOrganizationNameException: Couldn't find the organization name '{{ organization name }}'.
	at org.azd.WorkItemTrackingApiTest.shouldGetWorkItemAttachmentAsZipFile(WorkItemTrackingApiTest.java:195)
</error>
  </testcase>
  <testcase name="shouldUpdateAWorkItem" classname="org.azd.WorkItemTrackingApiTest" time="0.015">
    <error message="InvalidOrganizationNameException: Couldn&apos;t find the organization name &apos;{{ organization name }}&apos;." type="org.azd.exceptions.AzDException">org.azd.exceptions.AzDException: InvalidOrganizationNameException: Couldn't find the organization name '{{ organization name }}'.
	at org.azd.WorkItemTrackingApiTest.shouldUpdateAWorkItem(WorkItemTrackingApiTest.java:144)
</error>
  </testcase>
  <testcase name="shouldGetDeletedWorkItemsFromRecycleBin" classname="org.azd.WorkItemTrackingApiTest" time="0.007"/>
  <testcase name="shouldCreateAQueryFolder" classname="org.azd.WorkItemTrackingApiTest" time="0.001"/>
  <testcase name="shouldSearchQueriesBasedOnFilter" classname="org.azd.WorkItemTrackingApiTest" time="0.007">
    <error message="InvalidOrganizationNameException: Couldn&apos;t find the organization name &apos;{{ organization name }}&apos;." type="org.azd.exceptions.AzDException">org.azd.exceptions.AzDException: InvalidOrganizationNameException: Couldn't find the organization name '{{ organization name }}'.
	at org.azd.WorkItemTrackingApiTest.shouldSearchQueriesBasedOnFilter(WorkItemTrackingApiTest.java:347)
</error>
  </testcase>
  <testcase name="shouldGetWorkItemRevisions" classname="org.azd.WorkItemTrackingApiTest" time="0.008">
    <error message="InvalidOrganizationNameException: Couldn&apos;t find the organization name &apos;{{ organization name }}&apos;." type="org.azd.exceptions.AzDException">org.azd.exceptions.AzDException: InvalidOrganizationNameException: Couldn't find the organization name '{{ organization name }}'.
	at org.azd.WorkItemTrackingApiTest.shouldGetWorkItemRevisions(WorkItemTrackingApiTest.java:89)
</error>
  </testcase>
  <testcase name="shouldRemoveWorkItemFromRecycleBin" classname="org.azd.WorkItemTrackingApiTest" time="0"/>
  <testcase name="shouldRemoveHyperlink" classname="org.azd.WorkItemTrackingApiTest" time="0.001">
    <error message="InvalidOrganizationNameException: Couldn&apos;t find the organization name &apos;{{ organization name }}&apos;." type="org.azd.exceptions.AzDException">org.azd.exceptions.AzDException: InvalidOrganizationNameException: Couldn't find the organization name '{{ organization name }}'.
	at org.azd.WorkItemTrackingApiTest.shouldRemoveHyperlink(WorkItemTrackingApiTest.java:160)
</error>
  </testcase>
  <testcase name="shouldGetWorkItemFieldsWithFieldsExpanded" classname="org.azd.WorkItemTrackingApiTest" time="0.009">
    <error message="Illegal character in path at index 22: https://dev.azure.com/{{ organization name }}/_apis/wit/fields?api-version=7.1-preview.2&amp;$expand=extensionfields" type="java.lang.IllegalArgumentException"><![CDATA[java.lang.IllegalArgumentException: Illegal character in path at index 22: https://dev.azure.com/{{ organization name }}/_apis/wit/fields?api-version=7.1-preview.2&$expand=extensionfields
	at org.azd.WorkItemTrackingApiTest.shouldGetWorkItemFieldsWithFieldsExpanded(WorkItemTrackingApiTest.java:238)
Caused by: java.net.URISyntaxException: Illegal character in path at index 22: https://dev.azure.com/{{ organization name }}/_apis/wit/fields?api-version=7.1-preview.2&$expand=extensionfields
	at org.azd.WorkItemTrackingApiTest.shouldGetWorkItemFieldsWithFieldsExpanded(WorkItemTrackingApiTest.java:238)
]]></error>
  </testcase>
  <testcase name="shouldGetWorkItemRevision" classname="org.azd.WorkItemTrackingApiTest" time="0.001">
    <error message="InvalidOrganizationNameException: Couldn&apos;t find the organization name &apos;{{ organization name }}&apos;." type="org.azd.exceptions.AzDException">org.azd.exceptions.AzDException: InvalidOrganizationNameException: Couldn't find the organization name '{{ organization name }}'.
	at org.azd.WorkItemTrackingApiTest.shouldGetWorkItemRevision(WorkItemTrackingApiTest.java:96)
</error>
  </testcase>
  <testcase name="shouldUpdateAWorkItemField" classname="org.azd.WorkItemTrackingApiTest" time="0.016">
    <error message="Illegal character in path at index 22: https://dev.azure.com/{{ organization name }}/_apis/wit/fields/New%20Work%20Item%20Field?api-version=7.1-preview.2" type="java.lang.IllegalArgumentException">java.lang.IllegalArgumentException: Illegal character in path at index 22: https://dev.azure.com/{{ organization name }}/_apis/wit/fields/New%20Work%20Item%20Field?api-version=7.1-preview.2
	at org.azd.WorkItemTrackingApiTest.shouldUpdateAWorkItemField(WorkItemTrackingApiTest.java:286)
Caused by: java.net.URISyntaxException: Illegal character in path at index 22: https://dev.azure.com/{{ organization name }}/_apis/wit/fields/New%20Work%20Item%20Field?api-version=7.1-preview.2
	at org.azd.WorkItemTrackingApiTest.shouldUpdateAWorkItemField(WorkItemTrackingApiTest.java:286)
</error>
  </testcase>
  <testcase name="shouldCreateWorkItemField" classname="org.azd.WorkItemTrackingApiTest" time="0.014">
    <error message="Illegal character in path at index 22: https://dev.azure.com/{{ organization name }}/_apis/wit/fields?api-version=7.1-preview.2" type="java.lang.IllegalArgumentException">java.lang.IllegalArgumentException: Illegal character in path at index 22: https://dev.azure.com/{{ organization name }}/_apis/wit/fields?api-version=7.1-preview.2
	at org.azd.WorkItemTrackingApiTest.shouldCreateWorkItemField(WorkItemTrackingApiTest.java:267)
Caused by: java.net.URISyntaxException: Illegal character in path at index 22: https://dev.azure.com/{{ organization name }}/_apis/wit/fields?api-version=7.1-preview.2
	at org.azd.WorkItemTrackingApiTest.shouldCreateWorkItemField(WorkItemTrackingApiTest.java:267)
</error>
  </testcase>
  <testcase name="shouldAddAnAttachmentToAWorkItem" classname="org.azd.WorkItemTrackingApiTest" time="0.001"/>
</testsuite>