<?xml version="1.0" encoding="UTF-8"?>
<testsuite xmlns:xsi="http://www.w3.org/2001/XMLSchema-instance" xsi:noNamespaceSchemaLocation="https://maven.apache.org/surefire/maven-surefire-plugin/xsd/surefire-test-report.xsd" name="org.azd.GitApiTest" time="0.353" tests="53" errors="41" skipped="0" failures="0">
  <properties>
    <property name="java.specification.version" value="17"/>
    <property name="sun.cpu.isalist" value="amd64"/>
    <property name="sun.jnu.encoding" value="Cp1252"/>
    <property name="java.class.path" value="C:\Raja_Stuff\Raja_E\java-2021-12\Azure_Devops\azd\target\test-classes;C:\Raja_Stuff\Raja_E\java-2021-12\Azure_Devops\azd\target\classes;C:\Users\Raja\.m2\repository\junit\junit\4.13.2\junit-4.13.2.jar;C:\Users\Raja\.m2\repository\org\hamcrest\hamcrest-core\1.3\hamcrest-core-1.3.jar;C:\Users\Raja\.m2\repository\com\fasterxml\jackson\core\jackson-annotations\2.13.4\jackson-annotations-2.13.4.jar;C:\Users\Raja\.m2\repository\com\fasterxml\jackson\core\jackson-core\2.13.4\jackson-core-2.13.4.jar;C:\Users\Raja\.m2\repository\com\fasterxml\jackson\core\jackson-databind\2.13.4\jackson-databind-2.13.4.jar;"/>
    <property name="java.vm.vendor" value="Eclipse Adoptium"/>
    <property name="sun.arch.data.model" value="64"/>
    <property name="user.variant" value=""/>
    <property name="java.vendor.url" value="https://adoptium.net/"/>
    <property name="user.timezone" value="Asia/Calcutta"/>
    <property name="os.name" value="Windows 11"/>
    <property name="java.vm.specification.version" value="17"/>
    <property name="sun.java.launcher" value="SUN_STANDARD"/>
    <property name="user.country" value="IN"/>
    <property name="sun.boot.library.path" value="C:\Users\Raja\.p2\pool\plugins\org.eclipse.justj.openjdk.hotspot.jre.full.win32.x86_64_17.0.4.v20220903-1038\jre\bin"/>
    <property name="sun.java.command" value="C:\Users\Raja\AppData\Local\Temp\surefire11617109927648630390\surefirebooter17766362415540855305.jar C:\Users\Raja\AppData\Local\Temp\surefire11617109927648630390 2022-11-28T15-44-38_380-jvmRun1 surefire3910189989388556178tmp surefire_010234332671484818839tmp"/>
    <property name="jdk.debug" value="release"/>
    <property name="surefire.test.class.path" value="C:\Raja_Stuff\Raja_E\java-2021-12\Azure_Devops\azd\target\test-classes;C:\Raja_Stuff\Raja_E\java-2021-12\Azure_Devops\azd\target\classes;C:\Users\Raja\.m2\repository\junit\junit\4.13.2\junit-4.13.2.jar;C:\Users\Raja\.m2\repository\org\hamcrest\hamcrest-core\1.3\hamcrest-core-1.3.jar;C:\Users\Raja\.m2\repository\com\fasterxml\jackson\core\jackson-annotations\2.13.4\jackson-annotations-2.13.4.jar;C:\Users\Raja\.m2\repository\com\fasterxml\jackson\core\jackson-core\2.13.4\jackson-core-2.13.4.jar;C:\Users\Raja\.m2\repository\com\fasterxml\jackson\core\jackson-databind\2.13.4\jackson-databind-2.13.4.jar;"/>
    <property name="sun.cpu.endian" value="little"/>
    <property name="user.home" value="C:\Users\Raja"/>
    <property name="user.language" value="en"/>
    <property name="java.specification.vendor" value="Oracle Corporation"/>
    <property name="java.version.date" value="2022-08-12"/>
    <property name="java.home" value="C:\Users\Raja\.p2\pool\plugins\org.eclipse.justj.openjdk.hotspot.jre.full.win32.x86_64_17.0.4.v20220903-1038\jre"/>
    <property name="file.separator" value="\"/>
    <property name="style.color" value="always"/>
    <property name="basedir" value="C:\Raja_Stuff\Raja_E\java-2021-12\Azure_Devops\azd"/>
    <property name="java.vm.compressedOopsMode" value="Zero based"/>
    <property name="line.separator" value="&#10;"/>
    <property name="java.vm.specification.vendor" value="Oracle Corporation"/>
    <property name="java.specification.name" value="Java Platform API Specification"/>
    <property name="surefire.real.class.path" value="C:\Users\Raja\AppData\Local\Temp\surefire11617109927648630390\surefirebooter17766362415540855305.jar"/>
    <property name="user.script" value=""/>
    <property name="sun.management.compiler" value="HotSpot 64-Bit Tiered Compilers"/>
    <property name="java.runtime.version" value="17.0.4.1+1"/>
    <property name="user.name" value="Raja"/>
    <property name="path.separator" value=";"/>
    <property name="os.version" value="10.0"/>
    <property name="java.runtime.name" value="OpenJDK Runtime Environment"/>
    <property name="file.encoding" value="Cp1252"/>
    <property name="java.vm.name" value="OpenJDK 64-Bit Server VM"/>
    <property name="java.vendor.version" value="Temurin-17.0.4.1+1"/>
    <property name="localRepository" value="C:\Users\Raja\.m2\repository"/>
    <property name="java.vendor.url.bug" value="https://github.com/adoptium/adoptium-support/issues"/>
    <property name="java.io.tmpdir" value="C:\Users\Raja\AppData\Local\Temp\"/>
    <property name="java.version" value="17.0.4.1"/>
    <property name="user.dir" value="C:\Raja_Stuff\Raja_E\java-2021-12\Azure_Devops\azd"/>
    <property name="os.arch" value="amd64"/>
    <property name="java.vm.specification.name" value="Java Virtual Machine Specification"/>
    <property name="sun.os.patch.level" value=""/>
    <property name="native.encoding" value="Cp1252"/>
    <property name="java.library.path" value="C:\Users\Raja\.p2\pool\plugins\org.eclipse.justj.openjdk.hotspot.jre.full.win32.x86_64_17.0.4.v20220903-1038\jre\bin;C:\WINDOWS\Sun\Java\bin;C:\WINDOWS\system32;C:\WINDOWS;C:/Users/Raja/.p2/pool/plugins/org.eclipse.justj.openjdk.hotspot.jre.full.win32.x86_64_17.0.4.v20220903-1038/jre/bin/server;C:/Users/Raja/.p2/pool/plugins/org.eclipse.justj.openjdk.hotspot.jre.full.win32.x86_64_17.0.4.v20220903-1038/jre/bin;C:\WINDOWS\system32;C:\WINDOWS;C:\WINDOWS\System32\Wbem;C:\WINDOWS\System32\WindowsPowerShell\v1.0\;C:\WINDOWS\System32\OpenSSH\;C:\Program Files\Git\cmd;C:\Program Files\PuTTY\;C:\Program Files\Microsoft SQL Server\Client SDK\ODBC\170\Tools\Binn\;C:\Program Files\Microsoft SQL Server\150\Tools\Binn\;C:\Program Files\dotnet\;C:\Users\Raja\AppData\Local\Microsoft\WindowsApps;C:\Users\Raja\.dotnet\tools;C:\Users\Raja\OneDrive\Desktop;;."/>
    <property name="java.vm.info" value="mixed mode"/>
    <property name="java.vendor" value="Eclipse Adoptium"/>
    <property name="java.vm.version" value="17.0.4.1+1"/>
    <property name="sun.io.unicode.encoding" value="UnicodeLittle"/>
    <property name="java.class.version" value="61.0"/>
  </properties>
  <testcase name="shouldGetRepositories" classname="org.azd.GitApiTest" time="0.009">
    <error message="InvalidOrganizationNameException: Couldn&apos;t find the organization name &apos;{{ organization name }}&apos;." type="org.azd.exceptions.AzDException">org.azd.exceptions.AzDException: InvalidOrganizationNameException: Couldn't find the organization name '{{ organization name }}'.
	at org.azd.GitApiTest.shouldGetRepositories(GitApiTest.java:75)
</error>
  </testcase>
  <testcase name="shouldCreateANewRepository" classname="org.azd.GitApiTest" time="0.016"/>
  <testcase name="shouldUpdateRefs" classname="org.azd.GitApiTest" time="0.009">
    <error message="InvalidOrganizationNameException: Couldn&apos;t find the organization name &apos;{{ organization name }}&apos;." type="org.azd.exceptions.AzDException">org.azd.exceptions.AzDException: InvalidOrganizationNameException: Couldn't find the organization name '{{ organization name }}'.
	at org.azd.GitApiTest.shouldUpdateRefs(GitApiTest.java:252)
</error>
  </testcase>
  <testcase name="shouldGetPullRequestReviewers" classname="org.azd.GitApiTest" time="0.001">
    <error message="InvalidOrganizationNameException: Couldn&apos;t find the organization name &apos;{{ organization name }}&apos;." type="org.azd.exceptions.AzDException">org.azd.exceptions.AzDException: InvalidOrganizationNameException: Couldn't find the organization name '{{ organization name }}'.
	at org.azd.GitApiTest.shouldGetPullRequestReviewers(GitApiTest.java:208)
</error>
  </testcase>
  <testcase name="shouldCreateForkSyncRequest" classname="org.azd.GitApiTest" time="0.026"/>
  <testcase name="shouldCreateForkRepositoryWithComplete" classname="org.azd.GitApiTest" time="0.041"/>
  <testcase name="shouldDeleteTag" classname="org.azd.GitApiTest" time="0.01">
    <error message="InvalidOrganizationNameException: Couldn&apos;t find the organization name &apos;{{ organization name }}&apos;." type="org.azd.exceptions.AzDException">org.azd.exceptions.AzDException: InvalidOrganizationNameException: Couldn't find the organization name '{{ organization name }}'.
	at org.azd.GitApiTest.shouldDeleteTag(GitApiTest.java:262)
</error>
  </testcase>
  <testcase name="shouldGetBlobsAsZip" classname="org.azd.GitApiTest" time="0.001">
    <error message="InvalidOrganizationNameException: Couldn&apos;t find the organization name &apos;{{ organization name }}&apos;." type="org.azd.exceptions.AzDException">org.azd.exceptions.AzDException: InvalidOrganizationNameException: Couldn't find the organization name '{{ organization name }}'.
	at org.azd.GitApiTest.shouldGetBlobsAsZip(GitApiTest.java:322)
</error>
  </testcase>
  <testcase name="shouldUnLockABranch" classname="org.azd.GitApiTest" time="0.016">
    <error message="InvalidOrganizationNameException: Couldn&apos;t find the organization name &apos;{{ organization name }}&apos;." type="org.azd.exceptions.AzDException">org.azd.exceptions.AzDException: InvalidOrganizationNameException: Couldn't find the organization name '{{ organization name }}'.
	at org.azd.GitApiTest.shouldUnLockABranch(GitApiTest.java:152)
</error>
  </testcase>
  <testcase name="shouldGetPullRequestWorkItems" classname="org.azd.GitApiTest" time="0">
    <error message="InvalidOrganizationNameException: Couldn&apos;t find the organization name &apos;{{ organization name }}&apos;." type="org.azd.exceptions.AzDException">org.azd.exceptions.AzDException: InvalidOrganizationNameException: Couldn't find the organization name '{{ organization name }}'.
	at org.azd.GitApiTest.shouldGetPullRequestWorkItems(GitApiTest.java:157)
</error>
  </testcase>
  <testcase name="shouldRetrieveAllPullRequestsFromARepository" classname="org.azd.GitApiTest" time="0.001">
    <error message="InvalidOrganizationNameException: Couldn&apos;t find the organization name &apos;{{ organization name }}&apos;." type="org.azd.exceptions.AzDException">org.azd.exceptions.AzDException: InvalidOrganizationNameException: Couldn't find the organization name '{{ organization name }}'.
	at org.azd.GitApiTest.shouldRetrieveAllPullRequestsFromARepository(GitApiTest.java:117)
</error>
  </testcase>
  <testcase name="shouldGetABlobContentAsStream" classname="org.azd.GitApiTest" time="0.001">
    <error message="InvalidOrganizationNameException: Couldn&apos;t find the organization name &apos;{{ organization name }}&apos;." type="org.azd.exceptions.AzDException">org.azd.exceptions.AzDException: InvalidOrganizationNameException: Couldn't find the organization name '{{ organization name }}'.
	at org.azd.GitApiTest.shouldGetABlobContentAsStream(GitApiTest.java:307)
</error>
  </testcase>
  <testcase name="shouldGetPullRequestLabels" classname="org.azd.GitApiTest" time="0.002">
    <error message="InvalidOrganizationNameException: Couldn&apos;t find the organization name &apos;{{ organization name }}&apos;." type="org.azd.exceptions.AzDException">org.azd.exceptions.AzDException: InvalidOrganizationNameException: Couldn't find the organization name '{{ organization name }}'.
	at org.azd.GitApiTest.shouldGetPullRequestLabels(GitApiTest.java:173)
</error>
  </testcase>
  <testcase name="shoulGetForkSyncRequest" classname="org.azd.GitApiTest" time="0.014">
    <error message="InvalidOrganizationNameException: Couldn&apos;t find the organization name &apos;{{ organization name }}&apos;." type="org.azd.exceptions.AzDException">org.azd.exceptions.AzDException: InvalidOrganizationNameException: Couldn't find the organization name '{{ organization name }}'.
	at org.azd.GitApiTest.shoulGetForkSyncRequest(GitApiTest.java:360)
</error>
  </testcase>
  <testcase name="shouldGetABlobContentAsZip" classname="org.azd.GitApiTest" time="0.001">
    <error message="InvalidOrganizationNameException: Couldn&apos;t find the organization name &apos;{{ organization name }}&apos;." type="org.azd.exceptions.AzDException">org.azd.exceptions.AzDException: InvalidOrganizationNameException: Couldn't find the organization name '{{ organization name }}'.
	at org.azd.GitApiTest.shouldGetABlobContentAsZip(GitApiTest.java:293)
</error>
  </testcase>
  <testcase name="shouldGetPullRequestsByProject" classname="org.azd.GitApiTest" time="0.001">
    <error message="InvalidOrganizationNameException: Couldn&apos;t find the organization name &apos;{{ organization name }}&apos;." type="org.azd.exceptions.AzDException">org.azd.exceptions.AzDException: InvalidOrganizationNameException: Couldn't find the organization name '{{ organization name }}'.
	at org.azd.GitApiTest.shouldGetPullRequestsByProject(GitApiTest.java:122)
</error>
  </testcase>
  <testcase name="shouldGetAnAnnotatedTag" classname="org.azd.GitApiTest" time="0.001">
    <error message="InvalidOrganizationNameException: Couldn&apos;t find the organization name &apos;{{ organization name }}&apos;." type="org.azd.exceptions.AzDException">org.azd.exceptions.AzDException: InvalidOrganizationNameException: Couldn't find the organization name '{{ organization name }}'.
	at org.azd.GitApiTest.shouldGetAnAnnotatedTag(GitApiTest.java:226)
</error>
  </testcase>
  <testcase name="shouldCreateTag" classname="org.azd.GitApiTest" time="0">
    <error message="InvalidOrganizationNameException: Couldn&apos;t find the organization name &apos;{{ organization name }}&apos;." type="org.azd.exceptions.AzDException">org.azd.exceptions.AzDException: InvalidOrganizationNameException: Couldn't find the organization name '{{ organization name }}'.
	at org.azd.GitApiTest.shouldCreateTag(GitApiTest.java:257)
</error>
  </testcase>
  <testcase name="shouldCreateANewPullRequestAsDraft" classname="org.azd.GitApiTest" time="0.001"/>
  <testcase name="shouldCreateANewPullRequest" classname="org.azd.GitApiTest" time="0"/>
  <testcase name="shouldGetRecycleBinRepositories" classname="org.azd.GitApiTest" time="0.001">
    <error message="InvalidOrganizationNameException: Couldn&apos;t find the organization name &apos;{{ organization name }}&apos;." type="org.azd.exceptions.AzDException">org.azd.exceptions.AzDException: InvalidOrganizationNameException: Couldn't find the organization name '{{ organization name }}'.
	at org.azd.GitApiTest.shouldGetRecycleBinRepositories(GitApiTest.java:65)
</error>
  </testcase>
  <testcase name="shouldGetRefs" classname="org.azd.GitApiTest" time="0.001">
    <error message="InvalidOrganizationNameException: Couldn&apos;t find the organization name &apos;{{ organization name }}&apos;." type="org.azd.exceptions.AzDException">org.azd.exceptions.AzDException: InvalidOrganizationNameException: Couldn't find the organization name '{{ organization name }}'.
	at org.azd.GitApiTest.shouldGetRefs(GitApiTest.java:242)
</error>
  </testcase>
  <testcase name="shouldGetAllItems" classname="org.azd.GitApiTest" time="0.018">
    <error message="InvalidOrganizationNameException: Couldn&apos;t find the organization name &apos;{{ organization name }}&apos;." type="org.azd.exceptions.AzDException">org.azd.exceptions.AzDException: InvalidOrganizationNameException: Couldn't find the organization name '{{ organization name }}'.
	at org.azd.GitApiTest.shouldGetAllItems(GitApiTest.java:334)
</error>
  </testcase>
  <testcase name="shouldGetDeletedGitRepositories" classname="org.azd.GitApiTest" time="0.001">
    <error message="InvalidOrganizationNameException: Couldn&apos;t find the organization name &apos;{{ organization name }}&apos;." type="org.azd.exceptions.AzDException">org.azd.exceptions.AzDException: InvalidOrganizationNameException: Couldn't find the organization name '{{ organization name }}'.
	at org.azd.GitApiTest.shouldGetDeletedGitRepositories(GitApiTest.java:60)
</error>
  </testcase>
  <testcase name="shouldDeleteAPullRequestLabels" classname="org.azd.GitApiTest" time="0.011">
    <error message="Cannot invoke &quot;org.azd.git.types.WebApiTagDefinition.getUrl()&quot; because &quot;label&quot; is null" type="java.lang.NullPointerException">java.lang.NullPointerException: Cannot invoke "org.azd.git.types.WebApiTagDefinition.getUrl()" because "label" is null
	at org.azd.GitApiTest.shouldDeleteAPullRequestLabels(GitApiTest.java:185)
</error>
  </testcase>
  <testcase name="shouldGetRepository" classname="org.azd.GitApiTest" time="0.001">
    <error message="InvalidOrganizationNameException: Couldn&apos;t find the organization name &apos;{{ organization name }}&apos;." type="org.azd.exceptions.AzDException">org.azd.exceptions.AzDException: InvalidOrganizationNameException: Couldn't find the organization name '{{ organization name }}'.
	at org.azd.GitApiTest.shouldGetRepository(GitApiTest.java:70)
</error>
  </testcase>
  <testcase name="shouldRetrieveAPullRequest" classname="org.azd.GitApiTest" time="0.001">
    <error message="InvalidOrganizationNameException: Couldn&apos;t find the organization name &apos;{{ organization name }}&apos;." type="org.azd.exceptions.AzDException">org.azd.exceptions.AzDException: InvalidOrganizationNameException: Couldn't find the organization name '{{ organization name }}'.
	at org.azd.GitApiTest.shouldRetrieveAPullRequest(GitApiTest.java:107)
</error>
  </testcase>
  <testcase name="shouldCreateAPullRequestReviewer" classname="org.azd.GitApiTest" time="0.031">
    <error message="InvalidOrganizationNameException: Couldn&apos;t find the organization name &apos;{{ organization name }}&apos;." type="org.azd.exceptions.AzDException">org.azd.exceptions.AzDException: InvalidOrganizationNameException: Couldn't find the organization name '{{ organization name }}'.
	at org.azd.GitApiTest.shouldCreateAPullRequestReviewer(GitApiTest.java:193)
</error>
  </testcase>
  <testcase name="shouldGetTopTenPullRequestsByProject" classname="org.azd.GitApiTest" time="0.008">
    <error message="InvalidOrganizationNameException: Couldn&apos;t find the organization name &apos;{{ organization name }}&apos;." type="org.azd.exceptions.AzDException">org.azd.exceptions.AzDException: InvalidOrganizationNameException: Couldn't find the organization name '{{ organization name }}'.
	at org.azd.GitApiTest.shouldGetTopTenPullRequestsByProject(GitApiTest.java:127)
</error>
  </testcase>
  <testcase name="shouldGetAPullRequestReviewer" classname="org.azd.GitApiTest" time="0">
    <error message="InvalidOrganizationNameException: Couldn&apos;t find the organization name &apos;{{ organization name }}&apos;." type="org.azd.exceptions.AzDException">org.azd.exceptions.AzDException: InvalidOrganizationNameException: Couldn't find the organization name '{{ organization name }}'.
	at org.azd.GitApiTest.shouldGetAPullRequestReviewer(GitApiTest.java:203)
</error>
  </testcase>
  <testcase name="shouldGetABlobContent" classname="org.azd.GitApiTest" time="0.001">
    <error message="InvalidOrganizationNameException: Couldn&apos;t find the organization name &apos;{{ organization name }}&apos;." type="org.azd.exceptions.AzDException">org.azd.exceptions.AzDException: InvalidOrganizationNameException: Couldn't find the organization name '{{ organization name }}'.
	at org.azd.GitApiTest.shouldGetABlobContent(GitApiTest.java:280)
</error>
  </testcase>
  <testcase name="shouldGetAPullRequestLabel" classname="org.azd.GitApiTest" time="0.002">
    <error message="InvalidOrganizationNameException: Couldn&apos;t find the organization name &apos;{{ organization name }}&apos;." type="org.azd.exceptions.AzDException">org.azd.exceptions.AzDException: InvalidOrganizationNameException: Couldn't find the organization name '{{ organization name }}'.
	at org.azd.GitApiTest.shouldGetAPullRequestLabel(GitApiTest.java:168)
</error>
  </testcase>
  <testcase name="shouldCreateForkRepository" classname="org.azd.GitApiTest" time="0.032"/>
  <testcase name="shouldGetAllItemsWithQueryParameters" classname="org.azd.GitApiTest" time="0.009">
    <error message="InvalidOrganizationNameException: Couldn&apos;t find the organization name &apos;{{ organization name }}&apos;." type="org.azd.exceptions.AzDException">org.azd.exceptions.AzDException: InvalidOrganizationNameException: Couldn't find the organization name '{{ organization name }}'.
	at org.azd.GitApiTest.shouldGetAllItemsWithQueryParameters(GitApiTest.java:339)
</error>
  </testcase>
  <testcase name="shouldgetBranches" classname="org.azd.GitApiTest" time="0.011">
    <error message="InvalidOrganizationNameException: Couldn&apos;t find the organization name &apos;{{ organization name }}&apos;." type="org.azd.exceptions.AzDException">org.azd.exceptions.AzDException: InvalidOrganizationNameException: Couldn't find the organization name '{{ organization name }}'.
	at org.azd.GitApiTest.shouldgetBranches(GitApiTest.java:142)
</error>
  </testcase>
  <testcase name="shouldUpdateAPullRequestReviewer" classname="org.azd.GitApiTest" time="0">
    <error message="InvalidOrganizationNameException: Couldn&apos;t find the organization name &apos;{{ organization name }}&apos;." type="org.azd.exceptions.AzDException">org.azd.exceptions.AzDException: InvalidOrganizationNameException: Couldn't find the organization name '{{ organization name }}'.
	at org.azd.GitApiTest.shouldUpdateAPullRequestReviewer(GitApiTest.java:213)
</error>
  </testcase>
  <testcase name="shouldGetCommitsFromARepository" classname="org.azd.GitApiTest" time="0.001">
    <error message="InvalidOrganizationNameException: Couldn&apos;t find the organization name &apos;{{ organization name }}&apos;." type="org.azd.exceptions.AzDException">org.azd.exceptions.AzDException: InvalidOrganizationNameException: Couldn't find the organization name '{{ organization name }}'.
	at org.azd.GitApiTest.shouldGetCommitsFromARepository(GitApiTest.java:231)
</error>
  </testcase>
  <testcase name="shouldGetABlob" classname="org.azd.GitApiTest" time="0.001">
    <error message="InvalidOrganizationNameException: Couldn&apos;t find the organization name &apos;{{ organization name }}&apos;." type="org.azd.exceptions.AzDException">org.azd.exceptions.AzDException: InvalidOrganizationNameException: Couldn't find the organization name '{{ organization name }}'.
	at org.azd.GitApiTest.shouldGetABlob(GitApiTest.java:267)
</error>
  </testcase>
  <testcase name="shouldGetForks" classname="org.azd.GitApiTest" time="0.011">
    <error message="InvalidOrganizationNameException: Couldn&apos;t find the organization name &apos;{{ organization name }}&apos;." type="org.azd.exceptions.AzDException">org.azd.exceptions.AzDException: InvalidOrganizationNameException: Couldn't find the organization name '{{ organization name }}'.
	at org.azd.GitApiTest.shouldGetForks(GitApiTest.java:375)
</error>
  </testcase>
  <testcase name="shouldCreateAnAnnotatedTag" classname="org.azd.GitApiTest" time="0.015"/>
  <testcase name="shoulGetForkSyncRequests" classname="org.azd.GitApiTest" time="0.002">
    <error message="InvalidOrganizationNameException: Couldn&apos;t find the organization name &apos;{{ organization name }}&apos;." type="org.azd.exceptions.AzDException">org.azd.exceptions.AzDException: InvalidOrganizationNameException: Couldn't find the organization name '{{ organization name }}'.
	at org.azd.GitApiTest.shoulGetForkSyncRequests(GitApiTest.java:370)
</error>
  </testcase>
  <testcase name="shouldDeleteRepositoryFromRecycleBin" classname="org.azd.GitApiTest" time="0"/>
  <testcase name="shouldDeleteRepository" classname="org.azd.GitApiTest" time="0"/>
  <testcase name="shouldRestoreRepositoryFromRecycleBin" classname="org.azd.GitApiTest" time="0.008"/>
  <testcase name="shouldRetrieveAPullRequestById" classname="org.azd.GitApiTest" time="0.001">
    <error message="InvalidOrganizationNameException: Couldn&apos;t find the organization name &apos;{{ organization name }}&apos;." type="org.azd.exceptions.AzDException">org.azd.exceptions.AzDException: InvalidOrganizationNameException: Couldn't find the organization name '{{ organization name }}'.
	at org.azd.GitApiTest.shouldRetrieveAPullRequestById(GitApiTest.java:112)
</error>
  </testcase>
  <testcase name="shouldGetACommitsFromTheRepository" classname="org.azd.GitApiTest" time="0.001">
    <error message="InvalidOrganizationNameException: Couldn&apos;t find the organization name &apos;{{ organization name }}&apos;." type="org.azd.exceptions.AzDException">org.azd.exceptions.AzDException: InvalidOrganizationNameException: Couldn't find the organization name '{{ organization name }}'.
	at org.azd.GitApiTest.shouldGetACommitsFromTheRepository(GitApiTest.java:236)
</error>
  </testcase>
  <testcase name="shouldgetBranch" classname="org.azd.GitApiTest" time="0.008">
    <error message="InvalidOrganizationNameException: Couldn&apos;t find the organization name &apos;{{ organization name }}&apos;." type="org.azd.exceptions.AzDException">org.azd.exceptions.AzDException: InvalidOrganizationNameException: Couldn't find the organization name '{{ organization name }}'.
	at org.azd.GitApiTest.shouldgetBranch(GitApiTest.java:137)
</error>
  </testcase>
  <testcase name="shouldUpdateRepository" classname="org.azd.GitApiTest" time="0.001"/>
  <testcase name="shouldCreateAPullRequestLabel" classname="org.azd.GitApiTest" time="0.007">
    <error message="InvalidOrganizationNameException: Couldn&apos;t find the organization name &apos;{{ organization name }}&apos;." type="org.azd.exceptions.AzDException">org.azd.exceptions.AzDException: InvalidOrganizationNameException: Couldn't find the organization name '{{ organization name }}'.
	at org.azd.GitApiTest.shouldCreateAPullRequestLabel(GitApiTest.java:163)
</error>
  </testcase>
  <testcase name="shouldDeleteAPullRequestReviewer" classname="org.azd.GitApiTest" time="0.001"/>
  <testcase name="shouldGetRefsWithQueryParameters" classname="org.azd.GitApiTest" time="0.001">
    <error message="InvalidOrganizationNameException: Couldn&apos;t find the organization name &apos;{{ organization name }}&apos;." type="org.azd.exceptions.AzDException">org.azd.exceptions.AzDException: InvalidOrganizationNameException: Couldn't find the organization name '{{ organization name }}'.
	at org.azd.GitApiTest.shouldGetRefsWithQueryParameters(GitApiTest.java:247)
</error>
  </testcase>
  <testcase name="shouldLockABranch" classname="org.azd.GitApiTest" time="0.001">
    <error message="InvalidOrganizationNameException: Couldn&apos;t find the organization name &apos;{{ organization name }}&apos;." type="org.azd.exceptions.AzDException">org.azd.exceptions.AzDException: InvalidOrganizationNameException: Couldn't find the organization name '{{ organization name }}'.
	at org.azd.GitApiTest.shouldLockABranch(GitApiTest.java:147)
</error>
  </testcase>
  <testcase name="shouldGetPullRequestsByProjectWithCompletedStatus" classname="org.azd.GitApiTest" time="0.009">
    <error message="InvalidOrganizationNameException: Couldn&apos;t find the organization name &apos;{{ organization name }}&apos;." type="org.azd.exceptions.AzDException">org.azd.exceptions.AzDException: InvalidOrganizationNameException: Couldn't find the organization name '{{ organization name }}'.
	at org.azd.GitApiTest.shouldGetPullRequestsByProjectWithCompletedStatus(GitApiTest.java:132)
</error>
  </testcase>
</testsuite>